<?xml version="1.0" encoding="UTF-8"?>
<TestRun id="3aba36de-526c-4d1c-b589-9cee1011c0a7" name="charles.fortes@BHZDS012 2012-06-23 11:28:50" runUser="PRIME\charles.fortes" xmlns="http://microsoft.com/schemas/VisualStudio/TeamTest/2010">
  <TestSettings name="Local" id="29fc47a7-4b49-4376-bbb3-5e54a98db4ce">
    <Description>These are default test settings for a local test run.</Description>
    <Deployment enabled="false" runDeploymentRoot="charles.fortes_BHZDS012 2012-06-23 11_28_50">
      <DeploymentItem filename="C:\Users\charles.fortes\Dropbox\TOP\Top.Framework.Core\Top.Framework.Core\bin\Debug\Top.Framework.Core.dll" />
      <DeploymentItem filename="C:\Users\charles.fortes\Dropbox\TOP\Top.Framework.Core\Top.Framework.Core\Required\NHibernate.dll" />
    </Deployment>
    <Execution>
      <TestTypeSpecific />
      <AgentRule name="Execution Agents">
      </AgentRule>
    </Execution>
  </TestSettings>
  <Times creation="2012-06-23T11:28:50.8143932-03:00" queuing="2012-06-23T11:28:50.8513953-03:00" start="2012-06-23T11:28:50.8683963-03:00" finish="2012-06-23T11:28:52.6694993-03:00" />
  <ResultSummary outcome="Failed">
    <Counters total="1" executed="1" error="0" failed="1" timeout="0" aborted="0" inconclusive="0" passedButRunAborted="0" notRunnable="0" notExecuted="0" disconnected="0" warning="0" passed="0" completed="0" inProgress="0" pending="0" />
  </ResultSummary>
  <TestDefinitions>
    <UnitTest name="NomeDeveSerInformado" storage="c:\users\charles.fortes\dropbox\top\top.framework.core\tests\top.framework.core.testbase\bin\debug\top.framework.core.testbase.dll" id="96fe2a77-3ae1-77e5-87e1-cd779e457d49">
      <Execution id="65a1aa69-c41b-4b5b-96cf-899799ba4324" />
      <TestMethod codeBase="C:/Users/charles.fortes/Dropbox/TOP/Top.Framework.Core/Tests/Top.Framework.Core.TestBase/bin/Debug/Top.Framework.Core.TestBase.DLL" adapterTypeName="Microsoft.VisualStudio.TestTools.TestTypes.Unit.UnitTestAdapter, Microsoft.VisualStudio.QualityTools.Tips.UnitTest.Adapter, Version=10.0.0.0, Culture=neutral, PublicKeyToken=b03f5f7f11d50a3a" className="Top.Framework.Core.TestBase.DomainObjects.Security.UserTest, Top.Framework.Core.TestBase, Version=1.0.0.0, Culture=neutral, PublicKeyToken=null" name="NomeDeveSerInformado" />
    </UnitTest>
  </TestDefinitions>
  <TestLists>
    <TestList name="Results Not in a List" id="8c84fa94-04c1-424b-9868-57a2d4851a1d" />
    <TestList name="All Loaded Results" id="19431567-8539-422a-85d7-44ee4e166bda" />
  </TestLists>
  <TestEntries>
    <TestEntry testId="96fe2a77-3ae1-77e5-87e1-cd779e457d49" executionId="65a1aa69-c41b-4b5b-96cf-899799ba4324" testListId="8c84fa94-04c1-424b-9868-57a2d4851a1d" />
  </TestEntries>
  <Results>
    <UnitTestResult executionId="65a1aa69-c41b-4b5b-96cf-899799ba4324" testId="96fe2a77-3ae1-77e5-87e1-cd779e457d49" testName="NomeDeveSerInformado" computerName="BHZDS012" duration="00:00:01.5245667" startTime="2012-06-23T11:28:50.8773968-03:00" endTime="2012-06-23T11:28:52.6494981-03:00" testType="13cdc9d9-ddb5-4fa4-a97d-d965ccfc6d4b" outcome="Failed" testListId="8c84fa94-04c1-424b-9868-57a2d4851a1d" relativeResultsDirectory="65a1aa69-c41b-4b5b-96cf-899799ba4324">
      <Output>
        <ErrorInfo>
          <Message>Test method Top.Framework.Core.TestBase.DomainObjects.Security.UserTest.NomeDeveSerInformado threw exception: 
NHibernate.PropertyValueException: not-null property references a null or transient value Top.Framework.Core.DomainObjects.Security.User.Nome</Message>
          <StackTrace>    at NHibernate.Engine.Nullability.CheckNullability(Object[] values, IEntityPersister persister, Boolean isUpdate)
   at NHibernate.Event.Default.AbstractSaveEventListener.PerformSaveOrReplicate(Object entity, EntityKey key, IEntityPersister persister, Boolean useIdentityColumn, Object anything, IEventSource source, Boolean requiresImmediateIdAccess)
   at NHibernate.Event.Default.AbstractSaveEventListener.PerformSave(Object entity, Object id, IEntityPersister persister, Boolean useIdentityColumn, Object anything, IEventSource source, Boolean requiresImmediateIdAccess)
   at NHibernate.Event.Default.AbstractSaveEventListener.SaveWithGeneratedId(Object entity, String entityName, Object anything, IEventSource source, Boolean requiresImmediateIdAccess)
   at NHibernate.Event.Default.DefaultSaveOrUpdateEventListener.SaveWithGeneratedOrRequestedId(SaveOrUpdateEvent event)
   at NHibernate.Event.Default.DefaultSaveEventListener.SaveWithGeneratedOrRequestedId(SaveOrUpdateEvent event)
   at NHibernate.Event.Default.DefaultSaveOrUpdateEventListener.EntityIsTransient(SaveOrUpdateEvent event)
   at NHibernate.Event.Default.DefaultSaveEventListener.PerformSaveOrUpdate(SaveOrUpdateEvent event)
   at NHibernate.Event.Default.DefaultSaveOrUpdateEventListener.OnSaveOrUpdate(SaveOrUpdateEvent event)
   at NHibernate.Impl.SessionImpl.FireSave(SaveOrUpdateEvent event)
   at NHibernate.Impl.SessionImpl.Save(Object obj)
   at Top.Framework.Core.Infrastructure.Repository.NHibernate.Repository`1.CreateOrUpdate(T entity) in C:\Users\charles.fortes\Dropbox\TOP\Top.Framework.Core\Top.Framework.Core\Infrastructure\Repository\NHibernate\Repository.cs:line 25
   at Top.Framework.Core.TestBase.DomainObjects.Security.UserTest.NomeDeveSerInformado() in C:\Users\charles.fortes\Dropbox\TOP\Top.Framework.Core\Tests\Top.Framework.Core.TestBase\DomainObjects\Security\UserTest.cs:line 24
</StackTrace>
        </ErrorInfo>
      </Output>
    </UnitTestResult>
  </Results>
</TestRun>