<?xml version="1.0" encoding="UTF-8"?>
<TestRun id="14c8f5ef-db63-4a06-a3d1-1bdcf6b5b585" name="charles.fortes@BHZDS012 2012-06-23 11:38:48" runUser="PRIME\charles.fortes" xmlns="http://microsoft.com/schemas/VisualStudio/TeamTest/2010">
  <TestSettings name="Local" id="29fc47a7-4b49-4376-bbb3-5e54a98db4ce">
    <Description>These are default test settings for a local test run.</Description>
    <Deployment enabled="false" runDeploymentRoot="charles.fortes_BHZDS012 2012-06-23 11_38_48">
      <DeploymentItem filename="C:\Users\charles.fortes\Dropbox\TOP\Top.Framework.Core\Top.Framework.Core\bin\Debug\Top.Framework.Core.dll" />
      <DeploymentItem filename="C:\Users\charles.fortes\Dropbox\TOP\Top.Framework.Core\Top.Framework.Core\Required\NHibernate.dll" />
    </Deployment>
    <Execution>
      <TestTypeSpecific />
      <AgentRule name="Execution Agents">
      </AgentRule>
    </Execution>
  </TestSettings>
  <Times creation="2012-06-23T11:38:48.3965729-03:00" queuing="2012-06-23T11:38:48.4325750-03:00" start="2012-06-23T11:38:48.4505760-03:00" finish="2012-06-23T11:38:50.0566679-03:00" />
  <ResultSummary outcome="Completed">
    <Counters total="1" executed="1" passed="1" error="0" failed="0" timeout="0" aborted="0" inconclusive="0" passedButRunAborted="0" notRunnable="0" notExecuted="0" disconnected="0" warning="0" completed="0" inProgress="0" pending="0" />
  </ResultSummary>
  <TestDefinitions>
    <UnitTest name="TelefoneFixoDeveSerInformado" storage="c:\users\charles.fortes\dropbox\top\top.framework.core\tests\top.framework.core.testbase\bin\debug\top.framework.core.testbase.dll" id="ada81518-e737-cce8-c177-97ce7c346aa3">
      <Execution id="fb6c35a6-17f2-4054-99c9-65e699194673" />
      <TestMethod codeBase="C:/Users/charles.fortes/Dropbox/TOP/Top.Framework.Core/Tests/Top.Framework.Core.TestBase/bin/Debug/Top.Framework.Core.TestBase.DLL" adapterTypeName="Microsoft.VisualStudio.TestTools.TestTypes.Unit.UnitTestAdapter, Microsoft.VisualStudio.QualityTools.Tips.UnitTest.Adapter, Version=10.0.0.0, Culture=neutral, PublicKeyToken=b03f5f7f11d50a3a" className="Top.Framework.Core.TestBase.DomainObjects.Security.UserTest, Top.Framework.Core.TestBase, Version=1.0.0.0, Culture=neutral, PublicKeyToken=null" name="TelefoneFixoDeveSerInformado" />
    </UnitTest>
  </TestDefinitions>
  <TestLists>
    <TestList name="Results Not in a List" id="8c84fa94-04c1-424b-9868-57a2d4851a1d" />
    <TestList name="All Loaded Results" id="19431567-8539-422a-85d7-44ee4e166bda" />
  </TestLists>
  <TestEntries>
    <TestEntry testId="ada81518-e737-cce8-c177-97ce7c346aa3" executionId="fb6c35a6-17f2-4054-99c9-65e699194673" testListId="8c84fa94-04c1-424b-9868-57a2d4851a1d" />
  </TestEntries>
  <Results>
    <UnitTestResult executionId="fb6c35a6-17f2-4054-99c9-65e699194673" testId="ada81518-e737-cce8-c177-97ce7c346aa3" testName="TelefoneFixoDeveSerInformado" computerName="BHZDS012" duration="00:00:01.3124010" startTime="2012-06-23T11:38:48.4575764-03:00" endTime="2012-06-23T11:38:50.0286663-03:00" testType="13cdc9d9-ddb5-4fa4-a97d-d965ccfc6d4b" outcome="Passed" testListId="8c84fa94-04c1-424b-9868-57a2d4851a1d" relativeResultsDirectory="fb6c35a6-17f2-4054-99c9-65e699194673">
    </UnitTestResult>
  </Results>
</TestRun>