<?xml version="1.0" encoding="UTF-8"?>
<TestRun id="455a7ac1-6dbb-48b1-93f5-b395bac69ffe" name="charles.fortes@BHZDS012 2012-06-23 11:31:01" runUser="PRIME\charles.fortes" xmlns="http://microsoft.com/schemas/VisualStudio/TeamTest/2010">
  <TestSettings name="Local" id="29fc47a7-4b49-4376-bbb3-5e54a98db4ce">
    <Description>These are default test settings for a local test run.</Description>
    <Deployment enabled="false" runDeploymentRoot="charles.fortes_BHZDS012 2012-06-23 11_31_01">
      <DeploymentItem filename="C:\Users\charles.fortes\Dropbox\TOP\Top.Framework.Core\Top.Framework.Core\bin\Debug\Top.Framework.Core.dll" />
      <DeploymentItem filename="C:\Users\charles.fortes\Dropbox\TOP\Top.Framework.Core\Top.Framework.Core\Required\NHibernate.dll" />
    </Deployment>
    <Execution>
      <TestTypeSpecific />
      <AgentRule name="Execution Agents">
      </AgentRule>
    </Execution>
  </TestSettings>
  <Times creation="2012-06-23T11:31:01.8148860-03:00" queuing="2012-06-23T11:31:01.8498880-03:00" start="2012-06-23T11:31:01.8808898-03:00" finish="2012-06-23T11:31:03.4359787-03:00" />
  <ResultSummary outcome="Completed">
    <Counters total="1" executed="1" passed="1" error="0" failed="0" timeout="0" aborted="0" inconclusive="0" passedButRunAborted="0" notRunnable="0" notExecuted="0" disconnected="0" warning="0" completed="0" inProgress="0" pending="0" />
  </ResultSummary>
  <TestDefinitions>
    <UnitTest name="NomeDeveSerInformado" storage="c:\users\charles.fortes\dropbox\top\top.framework.core\tests\top.framework.core.testbase\bin\debug\top.framework.core.testbase.dll" id="96fe2a77-3ae1-77e5-87e1-cd779e457d49">
      <Execution id="ee72d824-a2c2-4513-a20e-f59ffde7a2eb" />
      <TestMethod codeBase="C:/Users/charles.fortes/Dropbox/TOP/Top.Framework.Core/Tests/Top.Framework.Core.TestBase/bin/Debug/Top.Framework.Core.TestBase.DLL" adapterTypeName="Microsoft.VisualStudio.TestTools.TestTypes.Unit.UnitTestAdapter, Microsoft.VisualStudio.QualityTools.Tips.UnitTest.Adapter, Version=10.0.0.0, Culture=neutral, PublicKeyToken=b03f5f7f11d50a3a" className="Top.Framework.Core.TestBase.DomainObjects.Security.UserTest, Top.Framework.Core.TestBase, Version=1.0.0.0, Culture=neutral, PublicKeyToken=null" name="NomeDeveSerInformado" />
    </UnitTest>
  </TestDefinitions>
  <TestLists>
    <TestList name="Results Not in a List" id="8c84fa94-04c1-424b-9868-57a2d4851a1d" />
    <TestList name="All Loaded Results" id="19431567-8539-422a-85d7-44ee4e166bda" />
  </TestLists>
  <TestEntries>
    <TestEntry testId="96fe2a77-3ae1-77e5-87e1-cd779e457d49" executionId="ee72d824-a2c2-4513-a20e-f59ffde7a2eb" testListId="8c84fa94-04c1-424b-9868-57a2d4851a1d" />
  </TestEntries>
  <Results>
    <UnitTestResult executionId="ee72d824-a2c2-4513-a20e-f59ffde7a2eb" testId="96fe2a77-3ae1-77e5-87e1-cd779e457d49" testName="NomeDeveSerInformado" computerName="BHZDS012" duration="00:00:01.3068618" startTime="2012-06-23T11:31:01.8878902-03:00" endTime="2012-06-23T11:31:03.4109773-03:00" testType="13cdc9d9-ddb5-4fa4-a97d-d965ccfc6d4b" outcome="Passed" testListId="8c84fa94-04c1-424b-9868-57a2d4851a1d" relativeResultsDirectory="ee72d824-a2c2-4513-a20e-f59ffde7a2eb">
    </UnitTestResult>
  </Results>
</TestRun>