<?xml version="1.0" encoding="UTF-8"?>
<TestRun id="75d050aa-e3b7-46a1-b9af-186109886599" name="charles.fortes@BHZDS012 2012-06-23 11:49:14" runUser="PRIME\charles.fortes" xmlns="http://microsoft.com/schemas/VisualStudio/TeamTest/2010">
  <TestSettings name="Local" id="29fc47a7-4b49-4376-bbb3-5e54a98db4ce">
    <Description>These are default test settings for a local test run.</Description>
    <Deployment enabled="false" runDeploymentRoot="charles.fortes_BHZDS012 2012-06-23 11_49_14">
      <DeploymentItem filename="C:\Users\charles.fortes\Dropbox\TOP\Top.Framework.Core\Top.Framework.Core\bin\Debug\Top.Framework.Core.dll" />
      <DeploymentItem filename="C:\Users\charles.fortes\Dropbox\TOP\Top.Framework.Core\Top.Framework.Core\Required\NHibernate.dll" />
    </Deployment>
    <Execution>
      <TestTypeSpecific />
      <AgentRule name="Execution Agents">
      </AgentRule>
    </Execution>
  </TestSettings>
  <Times creation="2012-06-23T11:49:14.1843659-03:00" queuing="2012-06-23T11:49:14.2203680-03:00" start="2012-06-23T11:49:14.2653706-03:00" finish="2012-06-23T11:49:15.9524671-03:00" />
  <ResultSummary outcome="Completed">
    <Counters total="5" executed="5" passed="5" error="0" failed="0" timeout="0" aborted="0" inconclusive="0" passedButRunAborted="0" notRunnable="0" notExecuted="0" disconnected="0" warning="0" completed="0" inProgress="0" pending="0" />
  </ResultSummary>
  <TestDefinitions>
    <UnitTest name="CanGenerateSchema" storage="c:\users\charles.fortes\dropbox\top\top.framework.core\tests\top.framework.core.testbase\bin\debug\top.framework.core.testbase.dll" id="cb4f194f-ff7c-089f-71b7-f25548c15a1d">
      <Execution id="11e7ea9d-1754-4c77-8223-4144e9841eee" />
      <TestMethod codeBase="C:/Users/charles.fortes/Dropbox/TOP/Top.Framework.Core/Tests/Top.Framework.Core.TestBase/bin/Debug/Top.Framework.Core.TestBase.DLL" adapterTypeName="Microsoft.VisualStudio.TestTools.TestTypes.Unit.UnitTestAdapter, Microsoft.VisualStudio.QualityTools.Tips.UnitTest.Adapter, Version=10.0.0.0, Culture=neutral, PublicKeyToken=b03f5f7f11d50a3a" className="Top.Framework.Core.TestBase.TestBase, Top.Framework.Core.TestBase, Version=1.0.0.0, Culture=neutral, PublicKeyToken=null" name="CanGenerateSchema" />
    </UnitTest>
    <UnitTest name="SenhaDeveSerInformada" storage="c:\users\charles.fortes\dropbox\top\top.framework.core\tests\top.framework.core.testbase\bin\debug\top.framework.core.testbase.dll" id="d929814e-6155-67e1-e0bc-7659e6545572">
      <Execution id="0ed46e99-654c-4a16-a494-f55dfcfc1bad" />
      <TestMethod codeBase="C:/Users/charles.fortes/Dropbox/TOP/Top.Framework.Core/Tests/Top.Framework.Core.TestBase/bin/Debug/Top.Framework.Core.TestBase.DLL" adapterTypeName="Microsoft.VisualStudio.TestTools.TestTypes.Unit.UnitTestAdapter, Microsoft.VisualStudio.QualityTools.Tips.UnitTest.Adapter, Version=10.0.0.0, Culture=neutral, PublicKeyToken=b03f5f7f11d50a3a" className="Top.Framework.Core.TestBase.DomainObjects.Security.UserTest, Top.Framework.Core.TestBase, Version=1.0.0.0, Culture=neutral, PublicKeyToken=null" name="SenhaDeveSerInformada" />
    </UnitTest>
    <UnitTest name="TelefoneFixoDeveSerInformado" storage="c:\users\charles.fortes\dropbox\top\top.framework.core\tests\top.framework.core.testbase\bin\debug\top.framework.core.testbase.dll" id="ada81518-e737-cce8-c177-97ce7c346aa3">
      <Execution id="3796aff3-3d4c-4a8f-b62b-a493bb3369fb" />
      <TestMethod codeBase="C:/Users/charles.fortes/Dropbox/TOP/Top.Framework.Core/Tests/Top.Framework.Core.TestBase/bin/Debug/Top.Framework.Core.TestBase.DLL" adapterTypeName="Microsoft.VisualStudio.TestTools.TestTypes.Unit.UnitTestAdapter, Microsoft.VisualStudio.QualityTools.Tips.UnitTest.Adapter, Version=10.0.0.0, Culture=neutral, PublicKeyToken=b03f5f7f11d50a3a" className="Top.Framework.Core.TestBase.DomainObjects.Security.UserTest, Top.Framework.Core.TestBase, Version=1.0.0.0, Culture=neutral, PublicKeyToken=null" name="TelefoneFixoDeveSerInformado" />
    </UnitTest>
    <UnitTest name="LoginDeveSerInformado" storage="c:\users\charles.fortes\dropbox\top\top.framework.core\tests\top.framework.core.testbase\bin\debug\top.framework.core.testbase.dll" id="7277b342-39cc-016f-4a0f-61fb071cdf70">
      <Execution id="dde4b38d-b8db-4d96-801f-6ff476f747d7" />
      <TestMethod codeBase="C:/Users/charles.fortes/Dropbox/TOP/Top.Framework.Core/Tests/Top.Framework.Core.TestBase/bin/Debug/Top.Framework.Core.TestBase.DLL" adapterTypeName="Microsoft.VisualStudio.TestTools.TestTypes.Unit.UnitTestAdapter, Microsoft.VisualStudio.QualityTools.Tips.UnitTest.Adapter, Version=10.0.0.0, Culture=neutral, PublicKeyToken=b03f5f7f11d50a3a" className="Top.Framework.Core.TestBase.DomainObjects.Security.UserTest, Top.Framework.Core.TestBase, Version=1.0.0.0, Culture=neutral, PublicKeyToken=null" name="LoginDeveSerInformado" />
    </UnitTest>
    <UnitTest name="NomeDeveSerInformado" storage="c:\users\charles.fortes\dropbox\top\top.framework.core\tests\top.framework.core.testbase\bin\debug\top.framework.core.testbase.dll" id="96fe2a77-3ae1-77e5-87e1-cd779e457d49">
      <Execution id="2deb848f-debc-4d5a-b63a-9aa4cd367bd5" />
      <TestMethod codeBase="C:/Users/charles.fortes/Dropbox/TOP/Top.Framework.Core/Tests/Top.Framework.Core.TestBase/bin/Debug/Top.Framework.Core.TestBase.DLL" adapterTypeName="Microsoft.VisualStudio.TestTools.TestTypes.Unit.UnitTestAdapter, Microsoft.VisualStudio.QualityTools.Tips.UnitTest.Adapter, Version=10.0.0.0, Culture=neutral, PublicKeyToken=b03f5f7f11d50a3a" className="Top.Framework.Core.TestBase.DomainObjects.Security.UserTest, Top.Framework.Core.TestBase, Version=1.0.0.0, Culture=neutral, PublicKeyToken=null" name="NomeDeveSerInformado" />
    </UnitTest>
  </TestDefinitions>
  <TestLists>
    <TestList name="Results Not in a List" id="8c84fa94-04c1-424b-9868-57a2d4851a1d" />
    <TestList name="All Loaded Results" id="19431567-8539-422a-85d7-44ee4e166bda" />
  </TestLists>
  <TestEntries>
    <TestEntry testId="7277b342-39cc-016f-4a0f-61fb071cdf70" executionId="dde4b38d-b8db-4d96-801f-6ff476f747d7" testListId="8c84fa94-04c1-424b-9868-57a2d4851a1d" />
    <TestEntry testId="96fe2a77-3ae1-77e5-87e1-cd779e457d49" executionId="2deb848f-debc-4d5a-b63a-9aa4cd367bd5" testListId="8c84fa94-04c1-424b-9868-57a2d4851a1d" />
    <TestEntry testId="ada81518-e737-cce8-c177-97ce7c346aa3" executionId="3796aff3-3d4c-4a8f-b62b-a493bb3369fb" testListId="8c84fa94-04c1-424b-9868-57a2d4851a1d" />
    <TestEntry testId="cb4f194f-ff7c-089f-71b7-f25548c15a1d" executionId="11e7ea9d-1754-4c77-8223-4144e9841eee" testListId="8c84fa94-04c1-424b-9868-57a2d4851a1d" />
    <TestEntry testId="d929814e-6155-67e1-e0bc-7659e6545572" executionId="0ed46e99-654c-4a16-a494-f55dfcfc1bad" testListId="8c84fa94-04c1-424b-9868-57a2d4851a1d" />
  </TestEntries>
  <Results>
    <UnitTestResult executionId="dde4b38d-b8db-4d96-801f-6ff476f747d7" testId="7277b342-39cc-016f-4a0f-61fb071cdf70" testName="LoginDeveSerInformado" computerName="BHZDS012" duration="00:00:01.2879641" startTime="2012-06-23T11:49:14.2543699-03:00" endTime="2012-06-23T11:49:15.7714567-03:00" testType="13cdc9d9-ddb5-4fa4-a97d-d965ccfc6d4b" outcome="Passed" testListId="8c84fa94-04c1-424b-9868-57a2d4851a1d" relativeResultsDirectory="dde4b38d-b8db-4d96-801f-6ff476f747d7">
    </UnitTestResult>
    <UnitTestResult executionId="2deb848f-debc-4d5a-b63a-9aa4cd367bd5" testId="96fe2a77-3ae1-77e5-87e1-cd779e457d49" testName="NomeDeveSerInformado" computerName="BHZDS012" duration="00:00:00.0024741" startTime="2012-06-23T11:49:15.7764570-03:00" endTime="2012-06-23T11:49:15.7834574-03:00" testType="13cdc9d9-ddb5-4fa4-a97d-d965ccfc6d4b" outcome="Passed" testListId="8c84fa94-04c1-424b-9868-57a2d4851a1d" relativeResultsDirectory="2deb848f-debc-4d5a-b63a-9aa4cd367bd5">
    </UnitTestResult>
    <UnitTestResult executionId="3796aff3-3d4c-4a8f-b62b-a493bb3369fb" testId="ada81518-e737-cce8-c177-97ce7c346aa3" testName="TelefoneFixoDeveSerInformado" computerName="BHZDS012" duration="00:00:00.0024416" startTime="2012-06-23T11:49:15.7874576-03:00" endTime="2012-06-23T11:49:15.7934580-03:00" testType="13cdc9d9-ddb5-4fa4-a97d-d965ccfc6d4b" outcome="Passed" testListId="8c84fa94-04c1-424b-9868-57a2d4851a1d" relativeResultsDirectory="3796aff3-3d4c-4a8f-b62b-a493bb3369fb">
    </UnitTestResult>
    <UnitTestResult executionId="11e7ea9d-1754-4c77-8223-4144e9841eee" testId="cb4f194f-ff7c-089f-71b7-f25548c15a1d" testName="CanGenerateSchema" computerName="BHZDS012" duration="00:00:00.1013809" startTime="2012-06-23T11:49:15.7984583-03:00" endTime="2012-06-23T11:49:15.9034643-03:00" testType="13cdc9d9-ddb5-4fa4-a97d-d965ccfc6d4b" outcome="Passed" testListId="8c84fa94-04c1-424b-9868-57a2d4851a1d" relativeResultsDirectory="11e7ea9d-1754-4c77-8223-4144e9841eee">
      <Output>
        <StdOut>drop table if exists Sample

    drop table if exists User

    create table Sample (
        Id integer NOT NULL AUTO_INCREMENT,
       CreatedAt datetime not null,
       MarkedToDelete bit not null,
       Name varchar(100) not null,
       primary key (Id)
    )

    create table User (
        Id integer NOT NULL AUTO_INCREMENT,
       CreatedAt datetime not null,
       MarkedToDelete bit not null,
       Nome varchar(100) not null,
       TelefoneFixo varchar(20) not null,
       Login varchar(20) not null,
       Senha varchar(8) not null,
       primary key (Id)
    )</StdOut>
      </Output>
    </UnitTestResult>
    <UnitTestResult executionId="0ed46e99-654c-4a16-a494-f55dfcfc1bad" testId="d929814e-6155-67e1-e0bc-7659e6545572" testName="SenhaDeveSerInformada" computerName="BHZDS012" duration="00:00:00.0026800" startTime="2012-06-23T11:49:15.9214653-03:00" endTime="2012-06-23T11:49:15.9324659-03:00" testType="13cdc9d9-ddb5-4fa4-a97d-d965ccfc6d4b" outcome="Passed" testListId="8c84fa94-04c1-424b-9868-57a2d4851a1d" relativeResultsDirectory="0ed46e99-654c-4a16-a494-f55dfcfc1bad">
    </UnitTestResult>
  </Results>
</TestRun>