<?xml version="1.0" encoding="UTF-8"?>
<TestRun id="bd08fc06-adda-4b89-8d14-7f8b77bc50cc" name="charles.fortes@BHZDS012 2012-06-23 11:26:45" runUser="PRIME\charles.fortes" xmlns="http://microsoft.com/schemas/VisualStudio/TeamTest/2010">
  <TestSettings name="Local" id="29fc47a7-4b49-4376-bbb3-5e54a98db4ce">
    <Description>These are default test settings for a local test run.</Description>
    <Deployment enabled="false" runDeploymentRoot="charles.fortes_BHZDS012 2012-06-23 11_26_45">
      <DeploymentItem filename="C:\Users\charles.fortes\Dropbox\TOP\Top.Framework.Core\Top.Framework.Core\bin\Debug\Top.Framework.Core.dll" />
      <DeploymentItem filename="C:\Users\charles.fortes\Dropbox\TOP\Top.Framework.Core\Top.Framework.Core\Required\NHibernate.dll" />
    </Deployment>
    <Execution>
      <TestTypeSpecific />
      <AgentRule name="Execution Agents">
      </AgentRule>
    </Execution>
  </TestSettings>
  <Times creation="2012-06-23T11:26:45.8742470-03:00" queuing="2012-06-23T11:26:45.9222498-03:00" start="2012-06-23T11:26:45.9482512-03:00" finish="2012-06-23T11:26:47.4953397-03:00" />
  <ResultSummary outcome="Failed">
    <Counters total="1" executed="1" error="0" failed="1" timeout="0" aborted="0" inconclusive="0" passedButRunAborted="0" notRunnable="0" notExecuted="0" disconnected="0" warning="0" passed="0" completed="0" inProgress="0" pending="0" />
  </ResultSummary>
  <TestDefinitions>
    <UnitTest name="NomeDeveSerInformado" storage="c:\users\charles.fortes\dropbox\top\top.framework.core\tests\top.framework.core.testbase\bin\debug\top.framework.core.testbase.dll" id="96fe2a77-3ae1-77e5-87e1-cd779e457d49">
      <Execution id="68f846de-f320-4ee4-b53f-5e8fd2e24597" />
      <TestMethod codeBase="C:/Users/charles.fortes/Dropbox/TOP/Top.Framework.Core/Tests/Top.Framework.Core.TestBase/bin/Debug/Top.Framework.Core.TestBase.DLL" adapterTypeName="Microsoft.VisualStudio.TestTools.TestTypes.Unit.UnitTestAdapter, Microsoft.VisualStudio.QualityTools.Tips.UnitTest.Adapter, Version=10.0.0.0, Culture=neutral, PublicKeyToken=b03f5f7f11d50a3a" className="Top.Framework.Core.TestBase.DomainObjects.Security.UserTest, Top.Framework.Core.TestBase, Version=1.0.0.0, Culture=neutral, PublicKeyToken=null" name="NomeDeveSerInformado" />
    </UnitTest>
  </TestDefinitions>
  <TestLists>
    <TestList name="Results Not in a List" id="8c84fa94-04c1-424b-9868-57a2d4851a1d" />
    <TestList name="All Loaded Results" id="19431567-8539-422a-85d7-44ee4e166bda" />
  </TestLists>
  <TestEntries>
    <TestEntry testId="96fe2a77-3ae1-77e5-87e1-cd779e457d49" executionId="68f846de-f320-4ee4-b53f-5e8fd2e24597" testListId="8c84fa94-04c1-424b-9868-57a2d4851a1d" />
  </TestEntries>
  <Results>
    <UnitTestResult executionId="68f846de-f320-4ee4-b53f-5e8fd2e24597" testId="96fe2a77-3ae1-77e5-87e1-cd779e457d49" testName="NomeDeveSerInformado" computerName="BHZDS012" duration="00:00:01.2991472" startTime="2012-06-23T11:26:45.9602519-03:00" endTime="2012-06-23T11:26:47.4643380-03:00" testType="13cdc9d9-ddb5-4fa4-a97d-d965ccfc6d4b" outcome="Failed" testListId="8c84fa94-04c1-424b-9868-57a2d4851a1d" relativeResultsDirectory="68f846de-f320-4ee4-b53f-5e8fd2e24597">
      <Output>
        <ErrorInfo>
          <Message>Test method Top.Framework.Core.TestBase.DomainObjects.Security.UserTest.NomeDeveSerInformado threw exception: 
NHibernate.InvalidProxyTypeException: The following types may not be used as proxies:
Top.Framework.Core.DomainObjects.Security.User: method Validate should be 'public/protected virtual' or 'protected internal virtual'</Message>
          <StackTrace>    at NHibernate.Cfg.Configuration.ValidateEntities()
   at NHibernate.Cfg.Configuration.Validate()
   at NHibernate.Cfg.Configuration.BuildSessionFactory()
   at Top.Framework.Core.Infrastructure.Repository.Helper.PersistenceHelper.get_SessionFactory() in C:\Users\charles.fortes\Dropbox\TOP\Top.Framework.Core\Top.Framework.Core\Infrastructure\Repository\Helper\PersistenceHelper.cs:line 19
   at Top.Framework.Core.Infrastructure.Repository.Helper.PersistenceHelper.OpenSession() in C:\Users\charles.fortes\Dropbox\TOP\Top.Framework.Core\Top.Framework.Core\Infrastructure\Repository\Helper\PersistenceHelper.cs:line 27
   at Top.Framework.Core.TestBase.DomainObjects.Security.UserTest.NomeDeveSerInformado() in C:\Users\charles.fortes\Dropbox\TOP\Top.Framework.Core\Tests\Top.Framework.Core.TestBase\DomainObjects\Security\UserTest.cs:line 20
</StackTrace>
        </ErrorInfo>
      </Output>
    </UnitTestResult>
  </Results>
</TestRun>