<?xml version="1.0" encoding="UTF-8"?>
<TestRun id="92bf2cf9-95f0-44b8-ada9-fad35bc0869a" name="charles.fortes@BHZDS012 2012-06-23 11:32:33" runUser="PRIME\charles.fortes" xmlns="http://microsoft.com/schemas/VisualStudio/TeamTest/2010">
  <TestSettings name="Local" id="29fc47a7-4b49-4376-bbb3-5e54a98db4ce">
    <Description>These are default test settings for a local test run.</Description>
    <Deployment enabled="false" runDeploymentRoot="charles.fortes_BHZDS012 2012-06-23 11_32_33">
      <DeploymentItem filename="C:\Users\charles.fortes\Dropbox\TOP\Top.Framework.Core\Top.Framework.Core\bin\Debug\Top.Framework.Core.dll" />
      <DeploymentItem filename="C:\Users\charles.fortes\Dropbox\TOP\Top.Framework.Core\Top.Framework.Core\Required\NHibernate.dll" />
    </Deployment>
    <Execution>
      <TestTypeSpecific />
      <AgentRule name="Execution Agents">
      </AgentRule>
    </Execution>
  </TestSettings>
  <Times creation="2012-06-23T11:32:33.6931411-03:00" queuing="2012-06-23T11:32:33.7301432-03:00" start="2012-06-23T11:32:33.7411439-03:00" finish="2012-06-23T11:32:35.7322577-03:00" />
  <ResultSummary outcome="Completed">
    <Counters total="1" executed="1" passed="1" error="0" failed="0" timeout="0" aborted="0" inconclusive="0" passedButRunAborted="0" notRunnable="0" notExecuted="0" disconnected="0" warning="0" completed="0" inProgress="0" pending="0" />
  </ResultSummary>
  <TestDefinitions>
    <UnitTest name="CanGenerateSchema" storage="c:\users\charles.fortes\dropbox\top\top.framework.core\tests\top.framework.core.testbase\bin\debug\top.framework.core.testbase.dll" id="cb4f194f-ff7c-089f-71b7-f25548c15a1d">
      <Execution id="e81a2f32-babf-4cc2-b7e7-d40354735335" />
      <TestMethod codeBase="C:/Users/charles.fortes/Dropbox/TOP/Top.Framework.Core/Tests/Top.Framework.Core.TestBase/bin/Debug/Top.Framework.Core.TestBase.DLL" adapterTypeName="Microsoft.VisualStudio.TestTools.TestTypes.Unit.UnitTestAdapter, Microsoft.VisualStudio.QualityTools.Tips.UnitTest.Adapter, Version=10.0.0.0, Culture=neutral, PublicKeyToken=b03f5f7f11d50a3a" className="Top.Framework.Core.TestBase.TestBase, Top.Framework.Core.TestBase, Version=1.0.0.0, Culture=neutral, PublicKeyToken=null" name="CanGenerateSchema" />
    </UnitTest>
  </TestDefinitions>
  <TestLists>
    <TestList name="Results Not in a List" id="8c84fa94-04c1-424b-9868-57a2d4851a1d" />
    <TestList name="All Loaded Results" id="19431567-8539-422a-85d7-44ee4e166bda" />
  </TestLists>
  <TestEntries>
    <TestEntry testId="cb4f194f-ff7c-089f-71b7-f25548c15a1d" executionId="e81a2f32-babf-4cc2-b7e7-d40354735335" testListId="8c84fa94-04c1-424b-9868-57a2d4851a1d" />
  </TestEntries>
  <Results>
    <UnitTestResult executionId="e81a2f32-babf-4cc2-b7e7-d40354735335" testId="cb4f194f-ff7c-089f-71b7-f25548c15a1d" testName="CanGenerateSchema" computerName="BHZDS012" duration="00:00:01.7001517" startTime="2012-06-23T11:32:33.7551447-03:00" endTime="2012-06-23T11:32:35.6972557-03:00" testType="13cdc9d9-ddb5-4fa4-a97d-d965ccfc6d4b" outcome="Passed" testListId="8c84fa94-04c1-424b-9868-57a2d4851a1d" relativeResultsDirectory="e81a2f32-babf-4cc2-b7e7-d40354735335">
      <Output>
        <StdOut>drop table if exists Sample

    drop table if exists User

    create table Sample (
        Id integer NOT NULL AUTO_INCREMENT,
       CreatedAt datetime not null,
       MarkedToDelete bit not null,
       Name varchar(100) not null,
       primary key (Id)
    )

    create table User (
        Id integer NOT NULL AUTO_INCREMENT,
       CreatedAt datetime not null,
       MarkedToDelete bit not null,
       Nome varchar(100) not null,
       TelefoneFixo varchar(20) not null,
       Login varchar(20) not null,
       Senha varchar(8) not null,
       primary key (Id)
    )</StdOut>
      </Output>
    </UnitTestResult>
  </Results>
</TestRun>