<?xml version="1.0" encoding="UTF-8"?>
<TestRun id="682404b9-deee-4442-83d3-df1f066fc71c" name="charles.fortes@BHZDS012 2012-06-23 11:17:35" runUser="PRIME\charles.fortes" xmlns="http://microsoft.com/schemas/VisualStudio/TeamTest/2010">
  <TestSettings name="Local" id="29fc47a7-4b49-4376-bbb3-5e54a98db4ce">
    <Description>These are default test settings for a local test run.</Description>
    <Deployment userDeploymentRoot="C:\Users\charles.fortes\Dropbox\TOP\Top.Framework.Core\TestResults" useDefaultDeploymentRoot="false" enabled="false" runDeploymentRoot="charles.fortes_BHZDS012 2012-06-23 11_17_35">
      <DeploymentItem filename="C:\Users\charles.fortes\Dropbox\TOP\Top.Framework.Core\Top.Framework.Core\bin\Debug\Top.Framework.Core.dll" />
      <DeploymentItem filename="C:\Users\charles.fortes\Dropbox\TOP\Top.Framework.Core\Top.Framework.Core\Required\NHibernate.dll" />
    </Deployment>
    <Execution>
      <TestTypeSpecific />
      <AgentRule name="Execution Agents">
      </AgentRule>
    </Execution>
  </TestSettings>
  <Times creation="2012-06-23T11:17:35.7957843-03:00" queuing="2012-06-23T11:17:37.0188543-03:00" start="2012-06-23T11:17:37.0568565-03:00" finish="2012-06-23T11:17:39.4079909-03:00" />
  <ResultSummary outcome="Failed">
    <Counters total="1" executed="1" error="0" failed="1" timeout="0" aborted="0" inconclusive="0" passedButRunAborted="0" notRunnable="0" notExecuted="0" disconnected="0" warning="0" passed="0" completed="0" inProgress="0" pending="0" />
  </ResultSummary>
  <TestDefinitions>
    <UnitTest name="NomeDeveSerInformado" storage="c:\users\charles.fortes\dropbox\top\top.framework.core\tests\top.framework.core.testbase\bin\debug\top.framework.core.testbase.dll" id="96fe2a77-3ae1-77e5-87e1-cd779e457d49">
      <Execution id="92983da3-f145-4c35-81af-b498a3deb968" />
      <TestMethod codeBase="C:/Users/charles.fortes/Dropbox/TOP/Top.Framework.Core/Tests/Top.Framework.Core.TestBase/bin/Debug/Top.Framework.Core.TestBase.DLL" adapterTypeName="Microsoft.VisualStudio.TestTools.TestTypes.Unit.UnitTestAdapter, Microsoft.VisualStudio.QualityTools.Tips.UnitTest.Adapter, Version=10.0.0.0, Culture=neutral, PublicKeyToken=b03f5f7f11d50a3a" className="Top.Framework.Core.TestBase.DomainObjects.Security.UserTest, Top.Framework.Core.TestBase, Version=1.0.0.0, Culture=neutral, PublicKeyToken=null" name="NomeDeveSerInformado" />
    </UnitTest>
  </TestDefinitions>
  <TestLists>
    <TestList name="Results Not in a List" id="8c84fa94-04c1-424b-9868-57a2d4851a1d" />
    <TestList name="All Loaded Results" id="19431567-8539-422a-85d7-44ee4e166bda" />
  </TestLists>
  <TestEntries>
    <TestEntry testId="96fe2a77-3ae1-77e5-87e1-cd779e457d49" executionId="92983da3-f145-4c35-81af-b498a3deb968" testListId="8c84fa94-04c1-424b-9868-57a2d4851a1d" />
  </TestEntries>
  <Results>
    <UnitTestResult executionId="92983da3-f145-4c35-81af-b498a3deb968" testId="96fe2a77-3ae1-77e5-87e1-cd779e457d49" testName="NomeDeveSerInformado" computerName="BHZDS012" duration="00:00:01.9408639" startTime="2012-06-23T11:17:37.0828579-03:00" endTime="2012-06-23T11:17:39.3279864-03:00" testType="13cdc9d9-ddb5-4fa4-a97d-d965ccfc6d4b" outcome="Failed" testListId="8c84fa94-04c1-424b-9868-57a2d4851a1d" relativeResultsDirectory="92983da3-f145-4c35-81af-b498a3deb968">
      <Output>
        <ErrorInfo>
          <Message>Test method Top.Framework.Core.TestBase.DomainObjects.Security.UserTest.NomeDeveSerInformado threw exception: 
NHibernate.MappingException: No persister for: Top.Framework.Core.DomainObjects.Security.User</Message>
          <StackTrace>    at NHibernate.Impl.SessionFactoryImpl.GetEntityPersister(String entityName)
   at NHibernate.Impl.SessionImpl.GetEntityPersister(String entityName, Object obj)
   at NHibernate.Event.Default.AbstractSaveEventListener.SaveWithGeneratedId(Object entity, String entityName, Object anything, IEventSource source, Boolean requiresImmediateIdAccess)
   at NHibernate.Event.Default.DefaultSaveOrUpdateEventListener.SaveWithGeneratedOrRequestedId(SaveOrUpdateEvent event)
   at NHibernate.Event.Default.DefaultSaveEventListener.SaveWithGeneratedOrRequestedId(SaveOrUpdateEvent event)
   at NHibernate.Event.Default.DefaultSaveOrUpdateEventListener.EntityIsTransient(SaveOrUpdateEvent event)
   at NHibernate.Event.Default.DefaultSaveEventListener.PerformSaveOrUpdate(SaveOrUpdateEvent event)
   at NHibernate.Event.Default.DefaultSaveOrUpdateEventListener.OnSaveOrUpdate(SaveOrUpdateEvent event)
   at NHibernate.Impl.SessionImpl.FireSave(SaveOrUpdateEvent event)
   at NHibernate.Impl.SessionImpl.Save(Object obj)
   at Top.Framework.Core.Infrastructure.Repository.NHibernate.Repository`1.CreateOrUpdate(T entity) in C:\Users\charles.fortes\Dropbox\TOP\Top.Framework.Core\Top.Framework.Core\Infrastructure\Repository\NHibernate\Repository.cs:line 25
   at Top.Framework.Core.TestBase.DomainObjects.Security.UserTest.NomeDeveSerInformado() in C:\Users\charles.fortes\Dropbox\TOP\Top.Framework.Core\Tests\Top.Framework.Core.TestBase\DomainObjects\Security\UserTest.cs:line 24
</StackTrace>
        </ErrorInfo>
      </Output>
    </UnitTestResult>
  </Results>
</TestRun>