<?xml version="1.0" encoding="UTF-8"?>
<TestRun id="4c594567-6a77-4c60-887b-03b334279377" name="charles.fortes@BHZDS012 2012-06-23 11:52:06" runUser="PRIME\charles.fortes" xmlns="http://microsoft.com/schemas/VisualStudio/TeamTest/2010">
  <TestSettings name="Local" id="29fc47a7-4b49-4376-bbb3-5e54a98db4ce">
    <Description>These are default test settings for a local test run.</Description>
    <Deployment enabled="false" runDeploymentRoot="charles.fortes_BHZDS012 2012-06-23 11_52_06">
      <DeploymentItem filename="C:\Users\charles.fortes\Dropbox\TOP\Top.Framework.Core\Top.Framework.Core\bin\Debug\Top.Framework.Core.dll" />
      <DeploymentItem filename="C:\Users\charles.fortes\Dropbox\TOP\Top.Framework.Core\Top.Framework.Core\Required\NHibernate.dll" />
    </Deployment>
    <Execution>
      <TestTypeSpecific />
      <AgentRule name="Execution Agents">
      </AgentRule>
    </Execution>
  </TestSettings>
  <Times creation="2012-06-23T11:52:06.4482189-03:00" queuing="2012-06-23T11:52:06.4842209-03:00" start="2012-06-23T11:52:06.4992218-03:00" finish="2012-06-23T11:52:08.2473218-03:00" />
  <ResultSummary outcome="Completed">
    <Counters total="6" executed="6" passed="6" error="0" failed="0" timeout="0" aborted="0" inconclusive="0" passedButRunAborted="0" notRunnable="0" notExecuted="0" disconnected="0" warning="0" completed="0" inProgress="0" pending="0" />
  </ResultSummary>
  <TestDefinitions>
    <UnitTest name="NomeDeveSerInformado" storage="c:\users\charles.fortes\dropbox\top\top.framework.core\tests\top.framework.core.testbase\bin\debug\top.framework.core.testbase.dll" id="96fe2a77-3ae1-77e5-87e1-cd779e457d49">
      <Execution id="9a03e021-d41c-42e1-b734-b0403a0a153c" />
      <TestMethod codeBase="C:/Users/charles.fortes/Dropbox/TOP/Top.Framework.Core/Tests/Top.Framework.Core.TestBase/bin/Debug/Top.Framework.Core.TestBase.DLL" adapterTypeName="Microsoft.VisualStudio.TestTools.TestTypes.Unit.UnitTestAdapter, Microsoft.VisualStudio.QualityTools.Tips.UnitTest.Adapter, Version=10.0.0.0, Culture=neutral, PublicKeyToken=b03f5f7f11d50a3a" className="Top.Framework.Core.TestBase.DomainObjects.Security.UserTest, Top.Framework.Core.TestBase, Version=1.0.0.0, Culture=neutral, PublicKeyToken=null" name="NomeDeveSerInformado" />
    </UnitTest>
    <UnitTest name="UsurioSAlvaCorretamente" storage="c:\users\charles.fortes\dropbox\top\top.framework.core\tests\top.framework.core.testbase\bin\debug\top.framework.core.testbase.dll" id="84237bd9-95cc-eeca-798e-7615a8e40943">
      <Execution id="a5b61d55-1aff-4922-ad36-3d8ebeda1904" />
      <TestMethod codeBase="C:/Users/charles.fortes/Dropbox/TOP/Top.Framework.Core/Tests/Top.Framework.Core.TestBase/bin/Debug/Top.Framework.Core.TestBase.DLL" adapterTypeName="Microsoft.VisualStudio.TestTools.TestTypes.Unit.UnitTestAdapter, Microsoft.VisualStudio.QualityTools.Tips.UnitTest.Adapter, Version=10.0.0.0, Culture=neutral, PublicKeyToken=b03f5f7f11d50a3a" className="Top.Framework.Core.TestBase.DomainObjects.Security.UserTest, Top.Framework.Core.TestBase, Version=1.0.0.0, Culture=neutral, PublicKeyToken=null" name="UsurioSAlvaCorretamente" />
    </UnitTest>
    <UnitTest name="TelefoneFixoDeveSerInformado" storage="c:\users\charles.fortes\dropbox\top\top.framework.core\tests\top.framework.core.testbase\bin\debug\top.framework.core.testbase.dll" id="ada81518-e737-cce8-c177-97ce7c346aa3">
      <Execution id="3f0aca0f-6e92-4032-9e28-79c1bbbad31a" />
      <TestMethod codeBase="C:/Users/charles.fortes/Dropbox/TOP/Top.Framework.Core/Tests/Top.Framework.Core.TestBase/bin/Debug/Top.Framework.Core.TestBase.DLL" adapterTypeName="Microsoft.VisualStudio.TestTools.TestTypes.Unit.UnitTestAdapter, Microsoft.VisualStudio.QualityTools.Tips.UnitTest.Adapter, Version=10.0.0.0, Culture=neutral, PublicKeyToken=b03f5f7f11d50a3a" className="Top.Framework.Core.TestBase.DomainObjects.Security.UserTest, Top.Framework.Core.TestBase, Version=1.0.0.0, Culture=neutral, PublicKeyToken=null" name="TelefoneFixoDeveSerInformado" />
    </UnitTest>
    <UnitTest name="LoginDeveSerInformado" storage="c:\users\charles.fortes\dropbox\top\top.framework.core\tests\top.framework.core.testbase\bin\debug\top.framework.core.testbase.dll" id="7277b342-39cc-016f-4a0f-61fb071cdf70">
      <Execution id="7698ab1b-c3a5-4e75-b017-123806bec6f5" />
      <TestMethod codeBase="C:/Users/charles.fortes/Dropbox/TOP/Top.Framework.Core/Tests/Top.Framework.Core.TestBase/bin/Debug/Top.Framework.Core.TestBase.DLL" adapterTypeName="Microsoft.VisualStudio.TestTools.TestTypes.Unit.UnitTestAdapter, Microsoft.VisualStudio.QualityTools.Tips.UnitTest.Adapter, Version=10.0.0.0, Culture=neutral, PublicKeyToken=b03f5f7f11d50a3a" className="Top.Framework.Core.TestBase.DomainObjects.Security.UserTest, Top.Framework.Core.TestBase, Version=1.0.0.0, Culture=neutral, PublicKeyToken=null" name="LoginDeveSerInformado" />
    </UnitTest>
    <UnitTest name="SenhaDeveSerInformada" storage="c:\users\charles.fortes\dropbox\top\top.framework.core\tests\top.framework.core.testbase\bin\debug\top.framework.core.testbase.dll" id="d929814e-6155-67e1-e0bc-7659e6545572">
      <Execution id="fe30295e-0dbf-4035-a6b8-dd7337f87996" />
      <TestMethod codeBase="C:/Users/charles.fortes/Dropbox/TOP/Top.Framework.Core/Tests/Top.Framework.Core.TestBase/bin/Debug/Top.Framework.Core.TestBase.DLL" adapterTypeName="Microsoft.VisualStudio.TestTools.TestTypes.Unit.UnitTestAdapter, Microsoft.VisualStudio.QualityTools.Tips.UnitTest.Adapter, Version=10.0.0.0, Culture=neutral, PublicKeyToken=b03f5f7f11d50a3a" className="Top.Framework.Core.TestBase.DomainObjects.Security.UserTest, Top.Framework.Core.TestBase, Version=1.0.0.0, Culture=neutral, PublicKeyToken=null" name="SenhaDeveSerInformada" />
    </UnitTest>
    <UnitTest name="CanGenerateSchema" storage="c:\users\charles.fortes\dropbox\top\top.framework.core\tests\top.framework.core.testbase\bin\debug\top.framework.core.testbase.dll" id="cb4f194f-ff7c-089f-71b7-f25548c15a1d">
      <Execution id="705b3a62-b30b-4870-aa8e-206abe6c1ca6" />
      <TestMethod codeBase="C:/Users/charles.fortes/Dropbox/TOP/Top.Framework.Core/Tests/Top.Framework.Core.TestBase/bin/Debug/Top.Framework.Core.TestBase.DLL" adapterTypeName="Microsoft.VisualStudio.TestTools.TestTypes.Unit.UnitTestAdapter, Microsoft.VisualStudio.QualityTools.Tips.UnitTest.Adapter, Version=10.0.0.0, Culture=neutral, PublicKeyToken=b03f5f7f11d50a3a" className="Top.Framework.Core.TestBase.TestBase, Top.Framework.Core.TestBase, Version=1.0.0.0, Culture=neutral, PublicKeyToken=null" name="CanGenerateSchema" />
    </UnitTest>
  </TestDefinitions>
  <TestLists>
    <TestList name="Results Not in a List" id="8c84fa94-04c1-424b-9868-57a2d4851a1d" />
    <TestList name="All Loaded Results" id="19431567-8539-422a-85d7-44ee4e166bda" />
  </TestLists>
  <TestEntries>
    <TestEntry testId="7277b342-39cc-016f-4a0f-61fb071cdf70" executionId="7698ab1b-c3a5-4e75-b017-123806bec6f5" testListId="8c84fa94-04c1-424b-9868-57a2d4851a1d" />
    <TestEntry testId="84237bd9-95cc-eeca-798e-7615a8e40943" executionId="a5b61d55-1aff-4922-ad36-3d8ebeda1904" testListId="8c84fa94-04c1-424b-9868-57a2d4851a1d" />
    <TestEntry testId="96fe2a77-3ae1-77e5-87e1-cd779e457d49" executionId="9a03e021-d41c-42e1-b734-b0403a0a153c" testListId="8c84fa94-04c1-424b-9868-57a2d4851a1d" />
    <TestEntry testId="ada81518-e737-cce8-c177-97ce7c346aa3" executionId="3f0aca0f-6e92-4032-9e28-79c1bbbad31a" testListId="8c84fa94-04c1-424b-9868-57a2d4851a1d" />
    <TestEntry testId="cb4f194f-ff7c-089f-71b7-f25548c15a1d" executionId="705b3a62-b30b-4870-aa8e-206abe6c1ca6" testListId="8c84fa94-04c1-424b-9868-57a2d4851a1d" />
    <TestEntry testId="d929814e-6155-67e1-e0bc-7659e6545572" executionId="fe30295e-0dbf-4035-a6b8-dd7337f87996" testListId="8c84fa94-04c1-424b-9868-57a2d4851a1d" />
  </TestEntries>
  <Results>
    <UnitTestResult executionId="7698ab1b-c3a5-4e75-b017-123806bec6f5" testId="7277b342-39cc-016f-4a0f-61fb071cdf70" testName="LoginDeveSerInformado" computerName="BHZDS012" duration="00:00:01.2877183" startTime="2012-06-23T11:52:06.5072222-03:00" endTime="2012-06-23T11:52:08.0223089-03:00" testType="13cdc9d9-ddb5-4fa4-a97d-d965ccfc6d4b" outcome="Passed" testListId="8c84fa94-04c1-424b-9868-57a2d4851a1d" relativeResultsDirectory="7698ab1b-c3a5-4e75-b017-123806bec6f5">
    </UnitTestResult>
    <UnitTestResult executionId="a5b61d55-1aff-4922-ad36-3d8ebeda1904" testId="84237bd9-95cc-eeca-798e-7615a8e40943" testName="UsurioSAlvaCorretamente" computerName="BHZDS012" duration="00:00:00.0701811" startTime="2012-06-23T11:52:08.0263091-03:00" endTime="2012-06-23T11:52:08.1023135-03:00" testType="13cdc9d9-ddb5-4fa4-a97d-d965ccfc6d4b" outcome="Passed" testListId="8c84fa94-04c1-424b-9868-57a2d4851a1d" relativeResultsDirectory="a5b61d55-1aff-4922-ad36-3d8ebeda1904">
    </UnitTestResult>
    <UnitTestResult executionId="9a03e021-d41c-42e1-b734-b0403a0a153c" testId="96fe2a77-3ae1-77e5-87e1-cd779e457d49" testName="NomeDeveSerInformado" computerName="BHZDS012" duration="00:00:00.0046080" startTime="2012-06-23T11:52:08.1073138-03:00" endTime="2012-06-23T11:52:08.1163143-03:00" testType="13cdc9d9-ddb5-4fa4-a97d-d965ccfc6d4b" outcome="Passed" testListId="8c84fa94-04c1-424b-9868-57a2d4851a1d" relativeResultsDirectory="9a03e021-d41c-42e1-b734-b0403a0a153c">
    </UnitTestResult>
    <UnitTestResult executionId="3f0aca0f-6e92-4032-9e28-79c1bbbad31a" testId="ada81518-e737-cce8-c177-97ce7c346aa3" testName="TelefoneFixoDeveSerInformado" computerName="BHZDS012" duration="00:00:00.0051496" startTime="2012-06-23T11:52:08.1233147-03:00" endTime="2012-06-23T11:52:08.1323152-03:00" testType="13cdc9d9-ddb5-4fa4-a97d-d965ccfc6d4b" outcome="Passed" testListId="8c84fa94-04c1-424b-9868-57a2d4851a1d" relativeResultsDirectory="3f0aca0f-6e92-4032-9e28-79c1bbbad31a">
    </UnitTestResult>
    <UnitTestResult executionId="705b3a62-b30b-4870-aa8e-206abe6c1ca6" testId="cb4f194f-ff7c-089f-71b7-f25548c15a1d" testName="CanGenerateSchema" computerName="BHZDS012" duration="00:00:00.0743844" startTime="2012-06-23T11:52:08.1373155-03:00" endTime="2012-06-23T11:52:08.2173201-03:00" testType="13cdc9d9-ddb5-4fa4-a97d-d965ccfc6d4b" outcome="Passed" testListId="8c84fa94-04c1-424b-9868-57a2d4851a1d" relativeResultsDirectory="705b3a62-b30b-4870-aa8e-206abe6c1ca6">
      <Output>
        <StdOut>drop table if exists Sample

    drop table if exists User

    create table Sample (
        Id integer NOT NULL AUTO_INCREMENT,
       CreatedAt datetime not null,
       MarkedToDelete bit not null,
       Name varchar(100) not null,
       primary key (Id)
    )

    create table User (
        Id integer NOT NULL AUTO_INCREMENT,
       CreatedAt datetime not null,
       MarkedToDelete bit not null,
       Nome varchar(100) not null,
       TelefoneFixo varchar(20) not null,
       Login varchar(20) not null,
       Senha varchar(8) not null,
       primary key (Id)
    )</StdOut>
      </Output>
    </UnitTestResult>
    <UnitTestResult executionId="fe30295e-0dbf-4035-a6b8-dd7337f87996" testId="d929814e-6155-67e1-e0bc-7659e6545572" testName="SenhaDeveSerInformada" computerName="BHZDS012" duration="00:00:00.0029051" startTime="2012-06-23T11:52:08.2213203-03:00" endTime="2012-06-23T11:52:08.2293207-03:00" testType="13cdc9d9-ddb5-4fa4-a97d-d965ccfc6d4b" outcome="Passed" testListId="8c84fa94-04c1-424b-9868-57a2d4851a1d" relativeResultsDirectory="fe30295e-0dbf-4035-a6b8-dd7337f87996">
    </UnitTestResult>
  </Results>
</TestRun>