<?xml version="1.0" encoding="UTF-8"?>
<TestRun id="3e22a375-d1ac-462d-b934-e51d85c08f32" name="charles.fortes@BHZDS012 2012-06-23 12:19:00" runUser="PRIME\charles.fortes" xmlns="http://microsoft.com/schemas/VisualStudio/TeamTest/2010">
  <TestSettings name="Local" id="29fc47a7-4b49-4376-bbb3-5e54a98db4ce">
    <Description>These are default test settings for a local test run.</Description>
    <Deployment enabled="false" runDeploymentRoot="charles.fortes_BHZDS012 2012-06-23 12_19_00">
      <DeploymentItem filename="C:\Users\charles.fortes\Dropbox\TOP\Top.Framework.Core\Top.Framework.Core\bin\Debug\Top.Framework.Core.dll" />
      <DeploymentItem filename="C:\Users\charles.fortes\Dropbox\TOP\Top.Framework.Core\Top.Framework.Core\Required\NHibernate.dll" />
    </Deployment>
    <Execution>
      <TestTypeSpecific />
      <AgentRule name="Execution Agents">
      </AgentRule>
    </Execution>
  </TestSettings>
  <Times creation="2012-06-23T12:19:00.9035604-03:00" queuing="2012-06-23T12:19:01.6536033-03:00" start="2012-06-23T12:19:01.6856052-03:00" finish="2012-06-23T12:19:04.0257390-03:00" />
  <ResultSummary outcome="Completed">
    <Counters total="6" executed="6" passed="6" error="0" failed="0" timeout="0" aborted="0" inconclusive="0" passedButRunAborted="0" notRunnable="0" notExecuted="0" disconnected="0" warning="0" completed="0" inProgress="0" pending="0" />
  </ResultSummary>
  <TestDefinitions>
    <UnitTest name="NomeDeveSerInformado" storage="c:\users\charles.fortes\dropbox\top\top.framework.core\tests\top.framework.core.testbase\bin\debug\top.framework.core.testbase.dll" id="96fe2a77-3ae1-77e5-87e1-cd779e457d49">
      <Execution id="fa779696-6d13-467a-a159-3f9f289f506f" />
      <TestMethod codeBase="C:/Users/charles.fortes/Dropbox/TOP/Top.Framework.Core/Tests/Top.Framework.Core.TestBase/bin/Debug/Top.Framework.Core.TestBase.DLL" adapterTypeName="Microsoft.VisualStudio.TestTools.TestTypes.Unit.UnitTestAdapter, Microsoft.VisualStudio.QualityTools.Tips.UnitTest.Adapter, Version=10.0.0.0, Culture=neutral, PublicKeyToken=b03f5f7f11d50a3a" className="Top.Framework.Core.TestBase.DomainObjects.Security.UserTest, Top.Framework.Core.TestBase, Version=1.0.0.0, Culture=neutral, PublicKeyToken=null" name="NomeDeveSerInformado" />
    </UnitTest>
    <UnitTest name="UsurioSalvaCorretamente" storage="c:\users\charles.fortes\dropbox\top\top.framework.core\tests\top.framework.core.testbase\bin\debug\top.framework.core.testbase.dll" id="d745d454-c309-8cde-280c-66b7e4320004">
      <Execution id="c1f518e5-453f-4788-8b38-5571dfc805d3" />
      <TestMethod codeBase="C:/Users/charles.fortes/Dropbox/TOP/Top.Framework.Core/Tests/Top.Framework.Core.TestBase/bin/Debug/Top.Framework.Core.TestBase.DLL" adapterTypeName="Microsoft.VisualStudio.TestTools.TestTypes.Unit.UnitTestAdapter, Microsoft.VisualStudio.QualityTools.Tips.UnitTest.Adapter, Version=10.0.0.0, Culture=neutral, PublicKeyToken=b03f5f7f11d50a3a" className="Top.Framework.Core.TestBase.DomainObjects.Security.UserTest, Top.Framework.Core.TestBase, Version=1.0.0.0, Culture=neutral, PublicKeyToken=null" name="UsurioSalvaCorretamente" />
    </UnitTest>
    <UnitTest name="TelefoneFixoDeveSerInformado" storage="c:\users\charles.fortes\dropbox\top\top.framework.core\tests\top.framework.core.testbase\bin\debug\top.framework.core.testbase.dll" id="ada81518-e737-cce8-c177-97ce7c346aa3">
      <Execution id="fc9a54d5-edbf-4f90-8fa3-a30a3e8dd77f" />
      <TestMethod codeBase="C:/Users/charles.fortes/Dropbox/TOP/Top.Framework.Core/Tests/Top.Framework.Core.TestBase/bin/Debug/Top.Framework.Core.TestBase.DLL" adapterTypeName="Microsoft.VisualStudio.TestTools.TestTypes.Unit.UnitTestAdapter, Microsoft.VisualStudio.QualityTools.Tips.UnitTest.Adapter, Version=10.0.0.0, Culture=neutral, PublicKeyToken=b03f5f7f11d50a3a" className="Top.Framework.Core.TestBase.DomainObjects.Security.UserTest, Top.Framework.Core.TestBase, Version=1.0.0.0, Culture=neutral, PublicKeyToken=null" name="TelefoneFixoDeveSerInformado" />
    </UnitTest>
    <UnitTest name="LoginDeveSerInformado" storage="c:\users\charles.fortes\dropbox\top\top.framework.core\tests\top.framework.core.testbase\bin\debug\top.framework.core.testbase.dll" id="7277b342-39cc-016f-4a0f-61fb071cdf70">
      <Execution id="ee9c59a0-3e98-488f-8f82-20d0d6f2594f" />
      <TestMethod codeBase="C:/Users/charles.fortes/Dropbox/TOP/Top.Framework.Core/Tests/Top.Framework.Core.TestBase/bin/Debug/Top.Framework.Core.TestBase.DLL" adapterTypeName="Microsoft.VisualStudio.TestTools.TestTypes.Unit.UnitTestAdapter, Microsoft.VisualStudio.QualityTools.Tips.UnitTest.Adapter, Version=10.0.0.0, Culture=neutral, PublicKeyToken=b03f5f7f11d50a3a" className="Top.Framework.Core.TestBase.DomainObjects.Security.UserTest, Top.Framework.Core.TestBase, Version=1.0.0.0, Culture=neutral, PublicKeyToken=null" name="LoginDeveSerInformado" />
    </UnitTest>
    <UnitTest name="SenhaDeveSerInformada" storage="c:\users\charles.fortes\dropbox\top\top.framework.core\tests\top.framework.core.testbase\bin\debug\top.framework.core.testbase.dll" id="d929814e-6155-67e1-e0bc-7659e6545572">
      <Execution id="4e9b2ea2-1105-40b1-86e2-019b1e233371" />
      <TestMethod codeBase="C:/Users/charles.fortes/Dropbox/TOP/Top.Framework.Core/Tests/Top.Framework.Core.TestBase/bin/Debug/Top.Framework.Core.TestBase.DLL" adapterTypeName="Microsoft.VisualStudio.TestTools.TestTypes.Unit.UnitTestAdapter, Microsoft.VisualStudio.QualityTools.Tips.UnitTest.Adapter, Version=10.0.0.0, Culture=neutral, PublicKeyToken=b03f5f7f11d50a3a" className="Top.Framework.Core.TestBase.DomainObjects.Security.UserTest, Top.Framework.Core.TestBase, Version=1.0.0.0, Culture=neutral, PublicKeyToken=null" name="SenhaDeveSerInformada" />
    </UnitTest>
    <UnitTest name="CanGenerateSchema" storage="c:\users\charles.fortes\dropbox\top\top.framework.core\tests\top.framework.core.testbase\bin\debug\top.framework.core.testbase.dll" id="cb4f194f-ff7c-089f-71b7-f25548c15a1d">
      <Execution id="7f97db14-a50c-4b6c-9884-63a1a1c68742" />
      <TestMethod codeBase="C:/Users/charles.fortes/Dropbox/TOP/Top.Framework.Core/Tests/Top.Framework.Core.TestBase/bin/Debug/Top.Framework.Core.TestBase.DLL" adapterTypeName="Microsoft.VisualStudio.TestTools.TestTypes.Unit.UnitTestAdapter, Microsoft.VisualStudio.QualityTools.Tips.UnitTest.Adapter, Version=10.0.0.0, Culture=neutral, PublicKeyToken=b03f5f7f11d50a3a" className="Top.Framework.Core.TestBase.TestBase, Top.Framework.Core.TestBase, Version=1.0.0.0, Culture=neutral, PublicKeyToken=null" name="CanGenerateSchema" />
    </UnitTest>
  </TestDefinitions>
  <TestLists>
    <TestList name="Results Not in a List" id="8c84fa94-04c1-424b-9868-57a2d4851a1d" />
    <TestList name="All Loaded Results" id="19431567-8539-422a-85d7-44ee4e166bda" />
  </TestLists>
  <TestEntries>
    <TestEntry testId="7277b342-39cc-016f-4a0f-61fb071cdf70" executionId="ee9c59a0-3e98-488f-8f82-20d0d6f2594f" testListId="8c84fa94-04c1-424b-9868-57a2d4851a1d" />
    <TestEntry testId="96fe2a77-3ae1-77e5-87e1-cd779e457d49" executionId="fa779696-6d13-467a-a159-3f9f289f506f" testListId="8c84fa94-04c1-424b-9868-57a2d4851a1d" />
    <TestEntry testId="ada81518-e737-cce8-c177-97ce7c346aa3" executionId="fc9a54d5-edbf-4f90-8fa3-a30a3e8dd77f" testListId="8c84fa94-04c1-424b-9868-57a2d4851a1d" />
    <TestEntry testId="cb4f194f-ff7c-089f-71b7-f25548c15a1d" executionId="7f97db14-a50c-4b6c-9884-63a1a1c68742" testListId="8c84fa94-04c1-424b-9868-57a2d4851a1d" />
    <TestEntry testId="d745d454-c309-8cde-280c-66b7e4320004" executionId="c1f518e5-453f-4788-8b38-5571dfc805d3" testListId="8c84fa94-04c1-424b-9868-57a2d4851a1d" />
    <TestEntry testId="d929814e-6155-67e1-e0bc-7659e6545572" executionId="4e9b2ea2-1105-40b1-86e2-019b1e233371" testListId="8c84fa94-04c1-424b-9868-57a2d4851a1d" />
  </TestEntries>
  <Results>
    <UnitTestResult executionId="ee9c59a0-3e98-488f-8f82-20d0d6f2594f" testId="7277b342-39cc-016f-4a0f-61fb071cdf70" testName="LoginDeveSerInformado" computerName="BHZDS012" duration="00:00:01.7058359" startTime="2012-06-23T12:19:01.7056063-03:00" endTime="2012-06-23T12:19:03.7097209-03:00" testType="13cdc9d9-ddb5-4fa4-a97d-d965ccfc6d4b" outcome="Passed" testListId="8c84fa94-04c1-424b-9868-57a2d4851a1d" relativeResultsDirectory="ee9c59a0-3e98-488f-8f82-20d0d6f2594f">
    </UnitTestResult>
    <UnitTestResult executionId="fa779696-6d13-467a-a159-3f9f289f506f" testId="96fe2a77-3ae1-77e5-87e1-cd779e457d49" testName="NomeDeveSerInformado" computerName="BHZDS012" duration="00:00:00.0029088" startTime="2012-06-23T12:19:03.7127211-03:00" endTime="2012-06-23T12:19:03.7217216-03:00" testType="13cdc9d9-ddb5-4fa4-a97d-d965ccfc6d4b" outcome="Passed" testListId="8c84fa94-04c1-424b-9868-57a2d4851a1d" relativeResultsDirectory="fa779696-6d13-467a-a159-3f9f289f506f">
    </UnitTestResult>
    <UnitTestResult executionId="fc9a54d5-edbf-4f90-8fa3-a30a3e8dd77f" testId="ada81518-e737-cce8-c177-97ce7c346aa3" testName="TelefoneFixoDeveSerInformado" computerName="BHZDS012" duration="00:00:00.0025386" startTime="2012-06-23T12:19:03.7257218-03:00" endTime="2012-06-23T12:19:03.7327222-03:00" testType="13cdc9d9-ddb5-4fa4-a97d-d965ccfc6d4b" outcome="Passed" testListId="8c84fa94-04c1-424b-9868-57a2d4851a1d" relativeResultsDirectory="fc9a54d5-edbf-4f90-8fa3-a30a3e8dd77f">
    </UnitTestResult>
    <UnitTestResult executionId="7f97db14-a50c-4b6c-9884-63a1a1c68742" testId="cb4f194f-ff7c-089f-71b7-f25548c15a1d" testName="CanGenerateSchema" computerName="BHZDS012" duration="00:00:00.1544284" startTime="2012-06-23T12:19:03.7357224-03:00" endTime="2012-06-23T12:19:03.8947315-03:00" testType="13cdc9d9-ddb5-4fa4-a97d-d965ccfc6d4b" outcome="Passed" testListId="8c84fa94-04c1-424b-9868-57a2d4851a1d" relativeResultsDirectory="7f97db14-a50c-4b6c-9884-63a1a1c68742">
      <Output>
        <StdOut>drop table if exists Sample

    drop table if exists User

    create table Sample (
        Id integer NOT NULL AUTO_INCREMENT,
       CreatedAt datetime not null,
       MarkedToDelete bit not null,
       Name varchar(100) not null,
       primary key (Id)
    )

    create table User (
        Id integer NOT NULL AUTO_INCREMENT,
       CreatedAt datetime not null,
       MarkedToDelete bit not null,
       Nome varchar(100) not null,
       TelefoneFixo varchar(20) not null,
       Login varchar(20) not null,
       Senha varchar(8) not null,
       primary key (Id)
    )</StdOut>
      </Output>
    </UnitTestResult>
    <UnitTestResult executionId="c1f518e5-453f-4788-8b38-5571dfc805d3" testId="d745d454-c309-8cde-280c-66b7e4320004" testName="UsurioSalvaCorretamente" computerName="BHZDS012" duration="00:00:00.0603022" startTime="2012-06-23T12:19:03.8987317-03:00" endTime="2012-06-23T12:19:03.9787363-03:00" testType="13cdc9d9-ddb5-4fa4-a97d-d965ccfc6d4b" outcome="Passed" testListId="8c84fa94-04c1-424b-9868-57a2d4851a1d" relativeResultsDirectory="c1f518e5-453f-4788-8b38-5571dfc805d3">
    </UnitTestResult>
    <UnitTestResult executionId="4e9b2ea2-1105-40b1-86e2-019b1e233371" testId="d929814e-6155-67e1-e0bc-7659e6545572" testName="SenhaDeveSerInformada" computerName="BHZDS012" duration="00:00:00.0026043" startTime="2012-06-23T12:19:03.9827365-03:00" endTime="2012-06-23T12:19:03.9887369-03:00" testType="13cdc9d9-ddb5-4fa4-a97d-d965ccfc6d4b" outcome="Passed" testListId="8c84fa94-04c1-424b-9868-57a2d4851a1d" relativeResultsDirectory="4e9b2ea2-1105-40b1-86e2-019b1e233371">
    </UnitTestResult>
  </Results>
</TestRun>