<?xml version="1.0" encoding="UTF-8"?>
<TestRun id="aad4bbeb-1777-4f89-b337-867eb6bc786c" name="charles.fortes@BHZDS012 2012-06-23 11:55:00" runUser="PRIME\charles.fortes" xmlns="http://microsoft.com/schemas/VisualStudio/TeamTest/2010">
  <TestSettings name="Local" id="29fc47a7-4b49-4376-bbb3-5e54a98db4ce">
    <Description>These are default test settings for a local test run.</Description>
    <Deployment enabled="false" runDeploymentRoot="charles.fortes_BHZDS012 2012-06-23 11_55_00">
      <DeploymentItem filename="C:\Users\charles.fortes\Dropbox\TOP\Top.Framework.Core\Top.Framework.Core\bin\Debug\Top.Framework.Core.dll" />
      <DeploymentItem filename="C:\Users\charles.fortes\Dropbox\TOP\Top.Framework.Core\Top.Framework.Core\Required\NHibernate.dll" />
    </Deployment>
    <Execution>
      <TestTypeSpecific />
      <AgentRule name="Execution Agents">
      </AgentRule>
    </Execution>
  </TestSettings>
  <Times creation="2012-06-23T11:55:00.9371991-03:00" queuing="2012-06-23T11:55:02.7413023-03:00" start="2012-06-23T11:55:02.9383135-03:00" finish="2012-06-23T11:55:24.1175249-03:00" />
  <ResultSummary outcome="Completed">
    <Counters total="1" executed="1" passed="1" error="0" failed="0" timeout="0" aborted="0" inconclusive="0" passedButRunAborted="0" notRunnable="0" notExecuted="0" disconnected="0" warning="0" completed="0" inProgress="0" pending="0" />
  </ResultSummary>
  <TestDefinitions>
    <UnitTest name="UsurioSalvaCorretamente" storage="c:\users\charles.fortes\dropbox\top\top.framework.core\tests\top.framework.core.testbase\bin\debug\top.framework.core.testbase.dll" id="d745d454-c309-8cde-280c-66b7e4320004">
      <Execution id="fd941a0c-becd-435d-b8f9-13b94bca04d0" />
      <TestMethod codeBase="C:/Users/charles.fortes/Dropbox/TOP/Top.Framework.Core/Tests/Top.Framework.Core.TestBase/bin/Debug/Top.Framework.Core.TestBase.DLL" adapterTypeName="Microsoft.VisualStudio.TestTools.TestTypes.Unit.UnitTestAdapter, Microsoft.VisualStudio.QualityTools.Tips.UnitTest.Adapter, Version=10.0.0.0, Culture=neutral, PublicKeyToken=b03f5f7f11d50a3a" className="Top.Framework.Core.TestBase.DomainObjects.Security.UserTest, Top.Framework.Core.TestBase, Version=1.0.0.0, Culture=neutral, PublicKeyToken=null" name="UsurioSalvaCorretamente" />
    </UnitTest>
  </TestDefinitions>
  <TestLists>
    <TestList name="Results Not in a List" id="8c84fa94-04c1-424b-9868-57a2d4851a1d" />
    <TestList name="All Loaded Results" id="19431567-8539-422a-85d7-44ee4e166bda" />
  </TestLists>
  <TestEntries>
    <TestEntry testId="d745d454-c309-8cde-280c-66b7e4320004" executionId="fd941a0c-becd-435d-b8f9-13b94bca04d0" testListId="8c84fa94-04c1-424b-9868-57a2d4851a1d" />
  </TestEntries>
  <Results>
    <UnitTestResult executionId="fd941a0c-becd-435d-b8f9-13b94bca04d0" testId="d745d454-c309-8cde-280c-66b7e4320004" testName="UsurioSalvaCorretamente" computerName="BHZDS012" duration="00:00:19.1255108" startTime="2012-06-23T11:55:03.1543259-03:00" endTime="2012-06-23T11:55:23.8635104-03:00" testType="13cdc9d9-ddb5-4fa4-a97d-d965ccfc6d4b" outcome="Passed" testListId="8c84fa94-04c1-424b-9868-57a2d4851a1d" relativeResultsDirectory="fd941a0c-becd-435d-b8f9-13b94bca04d0">
    </UnitTestResult>
  </Results>
</TestRun>